[2.034s] Invoking command in '/mnt/d/ROS/ros2-example/my_ros2_project/src/my_package': PYTHONPATH=/mnt/d/ROS/ros2-example/my_ros2_project/build/my_package/prefix_override:/mnt/d/ROS/ros2-example/my_ros2_project/install/my_package/lib/python3.10/site-packages:${PYTHONPATH} /usr/bin/python3 -W ignore:setup.py install is deprecated setup.py egg_info --egg-base ../../build/my_package build --build-base /mnt/d/ROS/ros2-example/my_ros2_project/build/my_package/build install --record /mnt/d/ROS/ros2-example/my_ros2_project/build/my_package/install.log --single-version-externally-managed install_data
[2.715s] running egg_info
[2.715s] creating ../../build/my_package/my_package.egg-info
[2.716s] writing ../../build/my_package/my_package.egg-info/PKG-INFO
[2.722s] writing dependency_links to ../../build/my_package/my_package.egg-info/dependency_links.txt
[2.722s] writing entry points to ../../build/my_package/my_package.egg-info/entry_points.txt
[2.722s] writing requirements to ../../build/my_package/my_package.egg-info/requires.txt
[2.722s] writing top-level names to ../../build/my_package/my_package.egg-info/top_level.txt
[2.723s] writing manifest file '../../build/my_package/my_package.egg-info/SOURCES.txt'
[2.728s] reading manifest file '../../build/my_package/my_package.egg-info/SOURCES.txt'
[2.733s] writing manifest file '../../build/my_package/my_package.egg-info/SOURCES.txt'
[2.734s] running build
[2.734s] running build_py
[2.735s] creating /mnt/d/ROS/ros2-example/my_ros2_project/build/my_package/build
[2.735s] creating /mnt/d/ROS/ros2-example/my_ros2_project/build/my_package/build/lib
[2.735s] creating /mnt/d/ROS/ros2-example/my_ros2_project/build/my_package/build/lib/my_package
[2.736s] copying my_package/my_pub_node.py -> /mnt/d/ROS/ros2-example/my_ros2_project/build/my_package/build/lib/my_package
[2.739s] copying my_package/__init__.py -> /mnt/d/ROS/ros2-example/my_ros2_project/build/my_package/build/lib/my_package
[2.741s] running install
[2.742s] running install_lib
[2.745s] creating /mnt/d/ROS/ros2-example/my_ros2_project/install/my_package/lib/python3.10/site-packages/my_package
[2.747s] copying /mnt/d/ROS/ros2-example/my_ros2_project/build/my_package/build/lib/my_package/my_pub_node.py -> /mnt/d/ROS/ros2-example/my_ros2_project/install/my_package/lib/python3.10/site-packages/my_package
[2.751s] copying /mnt/d/ROS/ros2-example/my_ros2_project/build/my_package/build/lib/my_package/__init__.py -> /mnt/d/ROS/ros2-example/my_ros2_project/install/my_package/lib/python3.10/site-packages/my_package
[2.756s] byte-compiling /mnt/d/ROS/ros2-example/my_ros2_project/install/my_package/lib/python3.10/site-packages/my_package/my_pub_node.py to my_pub_node.cpython-310.pyc
[2.762s] byte-compiling /mnt/d/ROS/ros2-example/my_ros2_project/install/my_package/lib/python3.10/site-packages/my_package/__init__.py to __init__.cpython-310.pyc
[2.767s] running install_data
[2.767s] creating /mnt/d/ROS/ros2-example/my_ros2_project/install/my_package/share/ament_index
[2.768s] creating /mnt/d/ROS/ros2-example/my_ros2_project/install/my_package/share/ament_index/resource_index
[2.768s] creating /mnt/d/ROS/ros2-example/my_ros2_project/install/my_package/share/ament_index/resource_index/packages
[2.770s] copying resource/my_package -> /mnt/d/ROS/ros2-example/my_ros2_project/install/my_package/share/ament_index/resource_index/packages
[2.773s] copying package.xml -> /mnt/d/ROS/ros2-example/my_ros2_project/install/my_package/share/my_package
[2.775s] running install_egg_info
[2.782s] Copying ../../build/my_package/my_package.egg-info to /mnt/d/ROS/ros2-example/my_ros2_project/install/my_package/lib/python3.10/site-packages/my_package-0.0.0-py3.10.egg-info
[2.813s] running install_scripts
[2.860s] Installing my_pub_node script to /mnt/d/ROS/ros2-example/my_ros2_project/install/my_package/lib/my_package
[2.861s] writing list of installed files to '/mnt/d/ROS/ros2-example/my_ros2_project/build/my_package/install.log'
[2.885s] Invoked command in '/mnt/d/ROS/ros2-example/my_ros2_project/src/my_package' returned '0': PYTHONPATH=/mnt/d/ROS/ros2-example/my_ros2_project/build/my_package/prefix_override:/mnt/d/ROS/ros2-example/my_ros2_project/install/my_package/lib/python3.10/site-packages:${PYTHONPATH} /usr/bin/python3 -W ignore:setup.py install is deprecated setup.py egg_info --egg-base ../../build/my_package build --build-base /mnt/d/ROS/ros2-example/my_ros2_project/build/my_package/build install --record /mnt/d/ROS/ros2-example/my_ros2_project/build/my_package/install.log --single-version-externally-managed install_data
